ProfileGprsMgrSample1/app/build/intermediates/manifest_merge_blame_file/debug/processDebugMainManifest/manifest-merger-blame-debug-report.txt
1<?xml version="1.0" encoding="utf-8"?>
2<manifest xmlns:android="http://schemas.android.com/apk/res/android"
3    package="com.symbol.profilegprsmgrsample1"
4    android:versionCode="11"
5    android:versionName="7.3.2" >
6
7    <uses-sdk
8        android:minSdkVersion="24"
9        android:targetSdkVersion="33" />
10
11    <uses-permission android:name="com.symbol.emdk.permission.EMDK" />
11-->src\main\AndroidManifest.xml:4:5-70
11-->src\main\AndroidManifest.xml:4:22-68
12
13    <application
13-->src\main\AndroidManifest.xml:6:5-25:19
14        android:allowBackup="true"
14-->src\main\AndroidManifest.xml:7:9-35
15        android:debuggable="true"
16        android:extractNativeLibs="false"
17        android:icon="@mipmap/ic_launcher"
17-->src\main\AndroidManifest.xml:8:9-43
18        android:label="@string/app_name"
18-->src\main\AndroidManifest.xml:9:9-41
19        android:theme="@style/AppTheme" >
19-->src\main\AndroidManifest.xml:10:9-40
20        <uses-library android:name="com.symbol.emdk" />
20-->src\main\AndroidManifest.xml:12:9-56
20-->src\main\AndroidManifest.xml:12:23-53
21
22        <activity
22-->src\main\AndroidManifest.xml:14:9-24:20
23            android:name="com.symbol.profilegprsmgrsample1.MainActivity"
23-->src\main\AndroidManifest.xml:16:13-73
24            android:exported="true"
24-->src\main\AndroidManifest.xml:15:13-36
25            android:label="@string/app_name"
25-->src\main\AndroidManifest.xml:18:13-45
26            android:screenOrientation="portrait" >
26-->src\main\AndroidManifest.xml:17:13-49
27            <intent-filter>
27-->src\main\AndroidManifest.xml:19:13-23:29
28                <action android:name="android.intent.action.MAIN" />
28-->src\main\AndroidManifest.xml:20:17-69
28-->src\main\AndroidManifest.xml:20:25-66
29
30                <category android:name="android.intent.category.LAUNCHER" />
30-->src\main\AndroidManifest.xml:22:17-77
30-->src\main\AndroidManifest.xml:22:27-74
31            </intent-filter>
32        </activity>
33    </application>
34
35</manifest>